[09:48:03] ═══════════════════════════════════════════════════════════════
[09:48:03]     WEDDING WEBSITE - CONNECTION MONITOR
[09:48:03] ═══════════════════════════════════════════════════════════════
[09:48:03] Frontend: http://localhost:3005
[09:48:03] Backend:  http://localhost:3002/api/health
[09:48:03] Started:  2025-08-01 09:48:03
[09:48:03] Check Interval: 15 seconds
[09:48:03] 
[09:48:03] Press Ctrl+C to stop monitoring...
[09:48:03] ═══════════════════════════════════════════════════════════════
[09:48:03] 
[09:48:03] Starting connection monitoring...
[09:48:03] 
[09:48:08] Monitoring stopped by user.
[09:48:08] 
[09:48:08] ═══════════════════════════════════════════════════════════════
[09:48:08] Connection monitoring stopped.
[09:48:08] Final Statistics:
[09:48:08] 
[09:48:08] ─────────────────────────────────────────────────────────────
[09:48:08] STATISTICS (Runtime: 00:00:05)
[09:48:09] Frontend Uptime: 0% (0/1)
[09:48:09] Backend Uptime:  100% (1/1)
[09:48:09] ═══════════════════════════════════════════════════════════════
