0 verbose cli C:\Program Files\nodejs\node.exe C:\Users\Austin\AppData\Roaming\npm\node_modules\npm\bin\npm-cli.js
1 info using npm@11.4.2
2 info using node@v22.17.1
3 silly config load:file:C:\Users\Austin\AppData\Roaming\npm\node_modules\npm\npmrc
4 silly config load:file:C:\Users\Austin\Downloads\wedding-website\.npmrc
5 silly config load:file:C:\Users\Austin\.npmrc
6 silly config load:file:C:\Users\Austin\AppData\Roaming\npm\etc\npmrc
7 verbose title npm exec @modelcontextprotocol/server-git C:\Users\Austin\Downloads\wedding-website
8 verbose argv "exec" "--yes" "--" "@modelcontextprotocol/server-git" "C:\\Users\\Austin\\Downloads\\wedding-website"
9 verbose logfile logs-max:10 dir:C:\Users\Austin\AppData\Local\npm-cache\_logs\2025-07-29T03_40_22_531Z-
10 verbose logfile C:\Users\Austin\AppData\Local\npm-cache\_logs\2025-07-29T03_40_22_531Z-debug-0.log
11 silly logfile start cleaning logs, removing 2 files
12 silly logfile done cleaning log files
13 silly packumentCache heap:4345298944 maxSize:1086324736 maxEntrySize:543162368
14 http fetch GET 404 https://registry.npmjs.org/@modelcontextprotocol%2fserver-git 278ms (cache skip)
15 http fetch GET 404 https://registry.npmjs.org/@modelcontextprotocol%2fserver-git 67ms (cache skip)
16 verbose stack HttpErrorGeneral: 404 Not Found - GET https://registry.npmjs.org/@modelcontextprotocol%2fserver-git - Not found
16 verbose stack     at C:\Users\Austin\AppData\Roaming\npm\node_modules\npm\node_modules\npm-registry-fetch\lib\check-response.js:103:15
16 verbose stack     at process.processTicksAndRejections (node:internal/process/task_queues:105:5)
16 verbose stack     at async RegistryFetcher.packument (C:\Users\Austin\AppData\Roaming\npm\node_modules\npm\node_modules\pacote\lib\registry.js:90:19)
16 verbose stack     at async RegistryFetcher.manifest (C:\Users\Austin\AppData\Roaming\npm\node_modules\npm\node_modules\pacote\lib\registry.js:128:23)
16 verbose stack     at async getManifest (C:\Users\Austin\AppData\Roaming\npm\node_modules\npm\node_modules\libnpmexec\lib\index.js:28:22)
16 verbose stack     at async missingFromTree (C:\Users\Austin\AppData\Roaming\npm\node_modules\npm\node_modules\libnpmexec\lib\index.js:63:22)
16 verbose stack     at async C:\Users\Austin\AppData\Roaming\npm\node_modules\npm\node_modules\libnpmexec\lib\index.js:185:32
16 verbose stack     at async Promise.all (index 0)
16 verbose stack     at async exec (C:\Users\Austin\AppData\Roaming\npm\node_modules\npm\node_modules\libnpmexec\lib\index.js:183:3)
16 verbose stack     at async Npm.exec (C:\Users\Austin\AppData\Roaming\npm\node_modules\npm\lib\npm.js:208:9)
17 verbose statusCode 404
18 verbose pkgid @modelcontextprotocol/server-git@*
19 error code E404
20 error 404 Not Found - GET https://registry.npmjs.org/@modelcontextprotocol%2fserver-git - Not found
21 error 404
22 error 404  '@modelcontextprotocol/server-git@*' is not in this registry.
23 error 404
24 error 404 Note that you can also install from a
25 error 404 tarball, folder, http url, or git url.
26 verbose cwd C:\Users\Austin\Downloads\wedding-website
27 verbose os Windows_NT 10.0.26200
28 verbose node v22.17.1
29 verbose npm  v11.4.2
30 verbose exit 1
31 verbose code 1
32 error A complete log of this run can be found in: C:\Users\Austin\AppData\Local\npm-cache\_logs\2025-07-29T03_40_22_531Z-debug-0.log
